2025-02-03T19:48:27.290-06:00  INFO 29776 --- [transformer] [main] c.m.transformer.TransformerApplication   : Starting TransformerApplication using Java 17.0.9 with PID 29776 (C:\Miracle Software Systems\Task1\transformer\target\classes started by JAYAS in C:\Miracle Software Systems\Task1\transformer)
2025-02-03T19:48:27.292-06:00  INFO 29776 --- [transformer] [main] c.m.transformer.TransformerApplication   : No active profile set, falling back to 1 default profile: "default"
2025-02-03T19:48:28.581-06:00  INFO 29776 --- [transformer] [main] o.s.b.w.embedded.tomcat.TomcatWebServer  : Tomcat initialized with port 8080 (http)
2025-02-03T19:48:28.602-06:00  INFO 29776 --- [transformer] [main] o.apache.catalina.core.StandardService   : Starting service [Tomcat]
2025-02-03T19:48:28.602-06:00  INFO 29776 --- [transformer] [main] o.apache.catalina.core.StandardEngine    : Starting Servlet engine: [Apache Tomcat/10.1.34]
2025-02-03T19:48:28.676-06:00  INFO 29776 --- [transformer] [main] o.a.c.c.C.[Tomcat].[localhost].[/]       : Initializing Spring embedded WebApplicationContext
2025-02-03T19:48:28.676-06:00  INFO 29776 --- [transformer] [main] w.s.c.ServletWebServerApplicationContext : Root WebApplicationContext: initialization completed in 1339 ms
2025-02-03T19:48:28.844-06:00 DEBUG 29776 --- [transformer] [main] o.a.camel.spring.SpringCamelContext      : Set the application context classloader to: jdk.internal.loader.ClassLoaders$AppClassLoader@22d8cfe0
2025-02-03T19:48:28.849-06:00 DEBUG 29776 --- [transformer] [main] o.apache.camel.support.LRUCacheFactory   : Creating DefaultLRUCacheFactory
2025-02-03T19:48:28.851-06:00 DEBUG 29776 --- [transformer] [main] o.a.c.i.e.DefaultCamelContextExtension   : Setting up management with factory: org.apache.camel.impl.engine.DefaultManagementStrategyFactory@59845579
2025-02-03T19:48:28.858-06:00 DEBUG 29776 --- [transformer] [main] o.apache.camel.support.ResolverHelper    : Found HealthCheckRegistry: org.apache.camel.impl.health.DefaultHealthCheckRegistry via: META-INF/services/org/apache/camel/health-check/default-registry
2025-02-03T19:48:28.863-06:00 DEBUG 29776 --- [transformer] [main] o.apache.camel.support.ResolverHelper    : Detected and using HealthCheckRegistry: org.apache.camel.impl.health.DefaultHealthCheckRegistry@66ec4409
2025-02-03T19:48:28.866-06:00 DEBUG 29776 --- [transformer] [main] o.a.c.i.h.DefaultHealthCheckRegistry     : HealthCheckRepository with id registry-health-check-repository successfully registered
2025-02-03T19:48:28.875-06:00 DEBUG 29776 --- [transformer] [main] o.a.c.i.c.BaseTypeConverterRegistry      : Loading file META-INF/services/org/apache/camel/TypeConverterLoader to retrieve list of type converters, from url: jar:file:/C:/Users/JAYAS/.m2/repository/org/apache/camel/camel-base/4.8.0/camel-base-4.8.0.jar!/META-INF/services/org/apache/camel/TypeConverterLoader
2025-02-03T19:48:28.875-06:00 DEBUG 29776 --- [transformer] [main] o.a.c.i.c.BaseTypeConverterRegistry      : Loading file META-INF/services/org/apache/camel/TypeConverterLoader to retrieve list of type converters, from url: jar:file:/C:/Users/JAYAS/.m2/repository/org/apache/camel/camel-support/4.8.0/camel-support-4.8.0.jar!/META-INF/services/org/apache/camel/TypeConverterLoader
2025-02-03T19:48:28.876-06:00 DEBUG 29776 --- [transformer] [main] o.a.c.i.c.BaseTypeConverterRegistry      : Loading file META-INF/services/org/apache/camel/TypeConverterLoader to retrieve list of type converters, from url: jar:file:/C:/Users/JAYAS/.m2/repository/org/apache/camel/camel-file/4.8.0/camel-file-4.8.0.jar!/META-INF/services/org/apache/camel/TypeConverterLoader
2025-02-03T19:48:28.876-06:00 DEBUG 29776 --- [transformer] [main] o.a.c.i.c.BaseTypeConverterRegistry      : Loading file META-INF/services/org/apache/camel/TypeConverterLoader to retrieve list of type converters, from url: jar:file:/C:/Users/JAYAS/.m2/repository/org/apache/camel/camel-xml-jaxp/4.8.0/camel-xml-jaxp-4.8.0.jar!/META-INF/services/org/apache/camel/TypeConverterLoader
2025-02-03T19:48:28.876-06:00 DEBUG 29776 --- [transformer] [main] o.a.c.i.c.BaseTypeConverterRegistry      : Loading file META-INF/services/org/apache/camel/TypeConverterLoader to retrieve list of type converters, from url: jar:file:/C:/Users/JAYAS/.m2/repository/org/apache/camel/camel-spring/4.8.0/camel-spring-4.8.0.jar!/META-INF/services/org/apache/camel/TypeConverterLoader
2025-02-03T19:48:28.877-06:00 DEBUG 29776 --- [transformer] [main] o.a.c.i.c.BaseTypeConverterRegistry      : Loading file META-INF/services/org/apache/camel/TypeConverterLoader to retrieve list of type converters, from url: jar:file:/C:/Users/JAYAS/.m2/repository/org/apache/camel/camel-activemq/4.8.0/camel-activemq-4.8.0.jar!/META-INF/services/org/apache/camel/TypeConverterLoader
2025-02-03T19:48:28.877-06:00 DEBUG 29776 --- [transformer] [main] o.a.c.i.c.BaseTypeConverterRegistry      : Loading file META-INF/services/org/apache/camel/TypeConverterLoader to retrieve list of type converters, from url: jar:file:/C:/Users/JAYAS/.m2/repository/org/apache/camel/camel-jackson/4.8.0/camel-jackson-4.8.0.jar!/META-INF/services/org/apache/camel/TypeConverterLoader
2025-02-03T19:48:28.877-06:00 DEBUG 29776 --- [transformer] [main] o.a.c.i.c.BaseTypeConverterRegistry      : Resolving TypeConverterLoader: org.apache.camel.converter.CamelBaseBulkConverterLoader
2025-02-03T19:48:28.880-06:00 DEBUG 29776 --- [transformer] [main] o.a.c.i.c.BaseTypeConverterRegistry      : TypeConverterLoader: org.apache.camel.converter.CamelBaseBulkConverterLoader loading converters
2025-02-03T19:48:28.882-06:00 DEBUG 29776 --- [transformer] [main] o.a.c.i.c.BaseTypeConverterRegistry      : Resolving TypeConverterLoader: org.apache.camel.converter.stream.StreamCacheBulkConverterLoader
2025-02-03T19:48:28.883-06:00 DEBUG 29776 --- [transformer] [main] o.a.c.i.c.BaseTypeConverterRegistry      : TypeConverterLoader: org.apache.camel.converter.stream.StreamCacheBulkConverterLoader loading converters
2025-02-03T19:48:28.884-06:00 DEBUG 29776 --- [transformer] [main] o.a.c.i.c.BaseTypeConverterRegistry      : Resolving TypeConverterLoader: org.apache.camel.component.file.GenericFileConverterLoader
2025-02-03T19:48:28.885-06:00 DEBUG 29776 --- [transformer] [main] o.a.c.i.c.BaseTypeConverterRegistry      : TypeConverterLoader: org.apache.camel.component.file.GenericFileConverterLoader loading converters
2025-02-03T19:48:28.887-06:00 DEBUG 29776 --- [transformer] [main] o.a.c.i.c.BaseTypeConverterRegistry      : Resolving TypeConverterLoader: org.apache.camel.converter.jaxp.CamelXmlJaxpBulkConverterLoader
2025-02-03T19:48:28.890-06:00 DEBUG 29776 --- [transformer] [main] o.a.c.i.c.BaseTypeConverterRegistry      : TypeConverterLoader: org.apache.camel.converter.jaxp.CamelXmlJaxpBulkConverterLoader loading converters
2025-02-03T19:48:28.892-06:00 DEBUG 29776 --- [transformer] [main] o.a.c.i.c.BaseTypeConverterRegistry      : Resolving TypeConverterLoader: org.apache.camel.spring.converter.ResourceConverterLoader
2025-02-03T19:48:28.894-06:00 DEBUG 29776 --- [transformer] [main] o.a.c.i.c.BaseTypeConverterRegistry      : TypeConverterLoader: org.apache.camel.spring.converter.ResourceConverterLoader loading converters
2025-02-03T19:48:28.894-06:00 DEBUG 29776 --- [transformer] [main] o.a.c.i.c.BaseTypeConverterRegistry      : Resolving TypeConverterLoader: org.apache.camel.component.activemq.converter.ActiveMQConverterLoader
2025-02-03T19:48:28.895-06:00 DEBUG 29776 --- [transformer] [main] o.a.c.i.c.BaseTypeConverterRegistry      : TypeConverterLoader: org.apache.camel.component.activemq.converter.ActiveMQConverterLoader loading converters
2025-02-03T19:48:28.895-06:00 DEBUG 29776 --- [transformer] [main] o.a.c.i.c.BaseTypeConverterRegistry      : Resolving TypeConverterLoader: org.apache.camel.component.activemq.converter.ActiveMQMessageConverterLoader
2025-02-03T19:48:28.897-06:00 DEBUG 29776 --- [transformer] [main] o.a.c.i.c.BaseTypeConverterRegistry      : TypeConverterLoader: org.apache.camel.component.activemq.converter.ActiveMQMessageConverterLoader loading converters
2025-02-03T19:48:28.901-06:00 DEBUG 29776 --- [transformer] [main] o.a.c.i.c.BaseTypeConverterRegistry      : Resolving TypeConverterLoader: org.apache.camel.component.jackson.converter.JacksonTypeConvertersLoader
2025-02-03T19:48:28.903-06:00 DEBUG 29776 --- [transformer] [main] o.a.c.i.c.BaseTypeConverterRegistry      : TypeConverterLoader: org.apache.camel.component.jackson.converter.JacksonTypeConvertersLoader loading converters
2025-02-03T19:48:28.906-06:00 DEBUG 29776 --- [transformer] [main] o.a.c.i.converter.DefaultTypeConverter   : Loaded 261 type converters in 32ms
2025-02-03T19:48:28.908-06:00 DEBUG 29776 --- [transformer] [main] o.a.c.impl.engine.AbstractCamelContext   : Apache Camel 4.8.0 (camel-1) built in 58ms
2025-02-03T19:48:28.918-06:00 DEBUG 29776 --- [transformer] [main] o.a.c.i.e.BaseExecutorServiceManager     : Created new ScheduledThreadPool for source: ErrorHandlerRedeliveryThreadPool with name: ErrorHandlerRedeliveryTask -> org.apache.camel.util.concurrent.SizedScheduledExecutorService@2f3928ac[ErrorHandlerRedeliveryTask]
2025-02-03T19:48:28.922-06:00 DEBUG 29776 --- [transformer] [main] o.a.c.i.e.DefaultConfigurerResolver      : Found configurer: spring-event-component via type: org.apache.camel.component.event.EventComponentConfigurer via: META-INF/services/org/apache/camel/configurer/spring-event-component
2025-02-03T19:48:28.923-06:00 DEBUG 29776 --- [transformer] [main] o.a.c.i.e.DefaultConfigurerResolver      : Found configurer: spring-event-endpoint via type: org.apache.camel.component.event.EventEndpointConfigurer via: META-INF/services/org/apache/camel/configurer/spring-event-endpoint
2025-02-03T19:48:28.935-06:00 DEBUG 29776 --- [transformer] [main] o.a.c.i.e.DefaultConfigurerResolver      : Found configurer: spring-event-component via type: org.apache.camel.component.event.EventComponentConfigurer via: META-INF/services/org/apache/camel/configurer/spring-event-component
2025-02-03T19:48:29.010-06:00 DEBUG 29776 --- [transformer] [main] o.a.camel.spring.SpringCamelContext      : Set the application context classloader to: jdk.internal.loader.ClassLoaders$AppClassLoader@22d8cfe0
2025-02-03T19:48:29.643-06:00  INFO 29776 --- [transformer] [main] o.s.b.w.embedded.tomcat.TomcatWebServer  : Tomcat started on port 8080 (http) with context path '/'
2025-02-03T19:48:29.646-06:00 DEBUG 29776 --- [transformer] [main] o.a.camel.spring.SpringCamelContext      : onApplicationEvent: org.springframework.boot.web.servlet.context.ServletWebServerInitializedEvent[source=org.springframework.boot.web.embedded.tomcat.TomcatWebServer@5ab63a04]
2025-02-03T19:48:29.647-06:00 DEBUG 29776 --- [transformer] [main] c.s.b.CamelSpringBootApplicationListener : Post-processing CamelContext bean: camel-1
2025-02-03T19:48:29.648-06:00 DEBUG 29776 --- [transformer] [main] org.apache.camel.main.RoutesConfigurer   : RoutesCollectorEnabled: org.apache.camel.spring.boot.CamelSpringBootRoutesCollector@3a16984c
2025-02-03T19:48:29.650-06:00 DEBUG 29776 --- [transformer] [main] o.a.c.s.b.CamelSpringBootRoutesCollector : Java RoutesBuilder: com/miracle/transformer/config/CamelConfig accepted by include/exclude filter: true
2025-02-03T19:48:29.650-06:00 DEBUG 29776 --- [transformer] [main] org.apache.camel.main.RoutesConfigurer   : Discovered 1 additional RoutesBuilder from registry: classpath:camel/*,classpath:camel-template/*,classpath:camel-rest/*
2025-02-03T19:48:29.652-06:00 DEBUG 29776 --- [transformer] [main] o.a.c.s.b.CamelSpringBootRoutesCollector : Finding additional routes from: classpath:camel/*
2025-02-03T19:48:29.654-06:00 DEBUG 29776 --- [transformer] [main] o.a.c.s.b.CamelSpringBootRoutesCollector : Finding additional routes from: classpath:camel-template/*
2025-02-03T19:48:29.655-06:00 DEBUG 29776 --- [transformer] [main] o.a.c.s.b.CamelSpringBootRoutesCollector : Finding additional routes from: classpath:camel-rest/*
2025-02-03T19:48:29.656-06:00 DEBUG 29776 --- [transformer] [main] o.a.c.s.b.CamelSpringBootRoutesCollector : No additional RoutesBuilder discovered from: classpath:camel/*,classpath:camel-template/*,classpath:camel-rest/*
2025-02-03T19:48:29.659-06:00 DEBUG 29776 --- [transformer] [main] org.apache.camel.main.RoutesConfigurer   : Adding routes into CamelContext from RoutesBuilder: Routes: []
2025-02-03T19:48:29.660-06:00 DEBUG 29776 --- [transformer] [main] o.a.c.impl.engine.AbstractCamelContext   : Adding routes from builder: Routes: []
2025-02-03T19:48:29.716-06:00 DEBUG 29776 --- [transformer] [main] o.a.c.i.e.DefaultConfigurerResolver      : Found configurer: org.apache.camel.spi.RestConfiguration via type: org.apache.camel.impl.RestConfigurationConfigurer via: META-INF/services/org/apache/camel/configurer/org.apache.camel.spi.RestConfiguration
2025-02-03T19:48:29.719-06:00 DEBUG 29776 --- [transformer] [main] o.a.c.i.e.DefaultConfigurerResolver      : Found configurer: org.apache.camel.spi.RestConfiguration via type: org.apache.camel.impl.RestConfigurationConfigurer via: META-INF/services/org/apache/camel/configurer/org.apache.camel.spi.RestConfiguration
2025-02-03T19:48:29.724-06:00 DEBUG 29776 --- [transformer] [main] o.a.c.i.e.DefaultConfigurerResolver      : Found configurer: org.apache.camel.spi.RestConfiguration via type: org.apache.camel.impl.RestConfigurationConfigurer via: META-INF/services/org/apache/camel/configurer/org.apache.camel.spi.RestConfiguration
2025-02-03T19:48:29.724-06:00 DEBUG 29776 --- [transformer] [main] o.a.c.i.e.DefaultConfigurerResolver      : Found configurer: org.apache.camel.spi.RestConfiguration via type: org.apache.camel.impl.RestConfigurationConfigurer via: META-INF/services/org/apache/camel/configurer/org.apache.camel.spi.RestConfiguration
2025-02-03T19:48:29.725-06:00 DEBUG 29776 --- [transformer] [main] o.a.c.i.e.DefaultConfigurerResolver      : Found configurer: org.apache.camel.spi.RestConfiguration via type: org.apache.camel.impl.RestConfigurationConfigurer via: META-INF/services/org/apache/camel/configurer/org.apache.camel.spi.RestConfiguration
2025-02-03T19:48:29.725-06:00 DEBUG 29776 --- [transformer] [main] o.a.c.i.e.DefaultConfigurerResolver      : Found configurer: org.apache.camel.spi.RestConfiguration via type: org.apache.camel.impl.RestConfigurationConfigurer via: META-INF/services/org/apache/camel/configurer/org.apache.camel.spi.RestConfiguration
2025-02-03T19:48:29.726-06:00 DEBUG 29776 --- [transformer] [main] o.a.c.i.e.DefaultConfigurerResolver      : Found configurer: org.apache.camel.spi.RestConfiguration via type: org.apache.camel.impl.RestConfigurationConfigurer via: META-INF/services/org/apache/camel/configurer/org.apache.camel.spi.RestConfiguration
2025-02-03T19:48:29.727-06:00 DEBUG 29776 --- [transformer] [main] o.a.c.i.e.DefaultConfigurerResolver      : Found configurer: org.apache.camel.spi.RestConfiguration via type: org.apache.camel.impl.RestConfigurationConfigurer via: META-INF/services/org/apache/camel/configurer/org.apache.camel.spi.RestConfiguration
2025-02-03T19:48:29.729-06:00 DEBUG 29776 --- [transformer] [main] org.apache.camel.main.RoutesConfigurer   : Adding templated routes into CamelContext from RoutesBuilder: Routes: [Route[From[activemq:queue:inputQueue?disableReplyTo=true] -> [Log[### Received XML Message: ${body}], To[xslt:transform.xsl], Log[### Transformed JSON: ${body}], To[activemq:queue:outputQueue]]]]
2025-02-03T19:48:29.730-06:00 DEBUG 29776 --- [transformer] [main] o.a.c.impl.engine.AbstractCamelContext   : Adding templated routes from builder: Routes: [Route[From[activemq:queue:inputQueue?disableReplyTo=true] -> [Log[### Received XML Message: ${body}], To[xslt:transform.xsl], Log[### Transformed JSON: ${body}], To[activemq:queue:outputQueue]]]]
2025-02-03T19:48:29.736-06:00 DEBUG 29776 --- [transformer] [main] o.a.camel.spring.SpringCamelContext      : onApplicationEvent: org.springframework.context.event.ContextRefreshedEvent[source=org.springframework.boot.web.servlet.context.AnnotationConfigServletWebServerApplicationContext@3401a114, started on Mon Feb 03 19:48:27 CST 2025]
2025-02-03T19:48:29.740-06:00 DEBUG 29776 --- [transformer] [main] o.a.c.impl.engine.AbstractCamelContext   : Resolving language: simple
2025-02-03T19:48:29.741-06:00 DEBUG 29776 --- [transformer] [main] o.apache.camel.support.ResolverHelper    : Lookup Language with name simple in registry. Found: null
2025-02-03T19:48:29.741-06:00 DEBUG 29776 --- [transformer] [main] o.apache.camel.support.ResolverHelper    : Lookup Language with name simple-language in registry. Found: null
2025-02-03T19:48:29.747-06:00 DEBUG 29776 --- [transformer] [main] o.a.c.language.simple.SimpleLanguage     : Simple language predicate/expression cache size: 1000
2025-02-03T19:48:29.802-06:00 DEBUG 29776 --- [transformer] [main] o.a.c.impl.engine.AbstractCamelContext   : Using ComponentResolver: org.apache.camel.impl.engine.DefaultComponentResolver@71b0289b to resolve component with name: activemq
2025-02-03T19:48:29.803-06:00 DEBUG 29776 --- [transformer] [main] o.apache.camel.support.ResolverHelper    : Lookup Component with name activemq in registry. Found: null
2025-02-03T19:48:29.803-06:00 DEBUG 29776 --- [transformer] [main] o.apache.camel.support.ResolverHelper    : Lookup Component with name activemq-component in registry. Found: null
2025-02-03T19:48:29.807-06:00 DEBUG 29776 --- [transformer] [main] o.a.c.i.engine.DefaultComponentResolver  : Found component: activemq via type: org.apache.camel.component.activemq.ActiveMQComponent via: META-INF/services/org/apache/camel/component/activemq
2025-02-03T19:48:29.827-06:00 DEBUG 29776 --- [transformer] [main] o.a.c.i.e.DefaultConfigurerResolver      : Found configurer: activemq-component via type: org.apache.camel.component.activemq.ActiveMQComponentConfigurer via: META-INF/services/org/apache/camel/configurer/activemq-component
2025-02-03T19:48:29.830-06:00 DEBUG 29776 --- [transformer] [main] o.a.c.i.e.DefaultConfigurerResolver      : Found configurer: activemq-endpoint via type: org.apache.camel.component.activemq.ActiveMQEndpointConfigurer via: META-INF/services/org/apache/camel/configurer/activemq-endpoint
2025-02-03T19:48:29.862-06:00 DEBUG 29776 --- [transformer] [main] o.a.c.i.e.DefaultConfigurerResolver      : Found configurer: activemq-component via type: org.apache.camel.component.activemq.ActiveMQComponentConfigurer via: META-INF/services/org/apache/camel/configurer/activemq-component
2025-02-03T19:48:29.868-06:00 DEBUG 29776 --- [transformer] [main] o.apache.camel.support.DefaultComponent  : Creating endpoint uri=[activemq://queue:inputQueue?disableReplyTo=true], path=[queue:inputQueue]
2025-02-03T19:48:29.874-06:00 DEBUG 29776 --- [transformer] [main] o.a.c.impl.engine.AbstractCamelContext   : activemq://queue:inputQueue?disableReplyTo=true converted to endpoint: activemq://queue:inputQueue?disableReplyTo=true by component: org.apache.camel.component.activemq.ActiveMQComponent@77c692b4
2025-02-03T19:48:29.887-06:00 DEBUG 29776 --- [transformer] [main] o.apache.camel.support.ResolverHelper    : Found ProcessorFactory: org.apache.camel.processor.DefaultProcessorFactory via: META-INF/services/org/apache/camel/processor-factory
2025-02-03T19:48:29.889-06:00 DEBUG 29776 --- [transformer] [main] o.apache.camel.support.ResolverHelper    : Detected and using ProcessorFactory: org.apache.camel.processor.DefaultProcessorFactory@44aed6a4
2025-02-03T19:48:29.890-06:00 DEBUG 29776 --- [transformer] [main] o.a.c.impl.engine.AbstractCamelContext   : Resolving language: simple
2025-02-03T19:48:29.909-06:00 DEBUG 29776 --- [transformer] [main] org.apache.camel.reifier.LogReifier      : LogName is not configured, using route id as logName: route1
2025-02-03T19:48:29.912-06:00 DEBUG 29776 --- [transformer] [main] o.apache.camel.support.ResolverHelper    : Found InternalProcessorFactory: org.apache.camel.processor.DefaultInternalProcessorFactory via: META-INF/services/org/apache/camel/internal-processor-factory
2025-02-03T19:48:29.915-06:00 DEBUG 29776 --- [transformer] [main] o.apache.camel.support.ResolverHelper    : Detected and using InternalProcessorFactory: org.apache.camel.processor.DefaultInternalProcessorFactory@23469199
2025-02-03T19:48:29.939-06:00 DEBUG 29776 --- [transformer] [main] o.a.c.impl.engine.AbstractCamelContext   : Using ComponentResolver: org.apache.camel.impl.engine.DefaultComponentResolver@71b0289b to resolve component with name: xslt
2025-02-03T19:48:29.939-06:00 DEBUG 29776 --- [transformer] [main] o.apache.camel.support.ResolverHelper    : Lookup Component with name xslt in registry. Found: null
2025-02-03T19:48:29.939-06:00 DEBUG 29776 --- [transformer] [main] o.apache.camel.support.ResolverHelper    : Lookup Component with name xslt-component in registry. Found: null
2025-02-03T19:48:29.940-06:00 DEBUG 29776 --- [transformer] [main] o.a.c.i.engine.DefaultComponentResolver  : Found component: xslt via type: org.apache.camel.component.xslt.XsltComponent via: META-INF/services/org/apache/camel/component/xslt
2025-02-03T19:48:29.948-06:00 DEBUG 29776 --- [transformer] [main] o.a.c.i.e.DefaultConfigurerResolver      : Found configurer: xslt-component via type: org.apache.camel.component.xslt.XsltComponentConfigurer via: META-INF/services/org/apache/camel/configurer/xslt-component
2025-02-03T19:48:29.950-06:00 DEBUG 29776 --- [transformer] [main] o.a.c.i.e.DefaultConfigurerResolver      : Found configurer: xslt-endpoint via type: org.apache.camel.component.xslt.XsltEndpointConfigurer via: META-INF/services/org/apache/camel/configurer/xslt-endpoint
2025-02-03T19:48:29.953-06:00 DEBUG 29776 --- [transformer] [main] o.a.c.i.e.DefaultConfigurerResolver      : Found configurer: xslt-component via type: org.apache.camel.component.xslt.XsltComponentConfigurer via: META-INF/services/org/apache/camel/configurer/xslt-component
2025-02-03T19:48:29.953-06:00 DEBUG 29776 --- [transformer] [main] o.apache.camel.support.DefaultComponent  : Creating endpoint uri=[xslt://transform.xsl], path=[transform.xsl]
2025-02-03T19:48:29.956-06:00 DEBUG 29776 --- [transformer] [main] o.a.camel.component.xslt.XsltComponent   : org.apache.camel.component.xslt.XsltComponent@645ba24a using schema resource: transform.xsl
2025-02-03T19:48:29.956-06:00 DEBUG 29776 --- [transformer] [main] o.a.c.impl.engine.AbstractCamelContext   : xslt://transform.xsl converted to endpoint: xslt://transform.xsl by component: org.apache.camel.component.xslt.XsltComponent@645ba24a
2025-02-03T19:48:29.956-06:00 DEBUG 29776 --- [transformer] [main] o.a.camel.component.xslt.XsltEndpoint    : xslt://transform.xsl using schema resource: transform.xsl
2025-02-03T19:48:29.963-06:00 DEBUG 29776 --- [transformer] [main] o.a.c.component.xslt.XsltUriResolver     : Resolving URI from classpath:: classpath:transform.xsl
2025-02-03T19:48:29.967-06:00 DEBUG 29776 --- [transformer] [main] o.apache.camel.support.ResolverHelper    : Found ResourceResolver: org.apache.camel.impl.engine.DefaultResourceResolvers$ClasspathResolver via: META-INF/services/org/apache/camel/classpath
2025-02-03T19:48:29.970-06:00 DEBUG 29776 --- [transformer] [main] o.apache.camel.support.ResolverHelper    : Detected and using ResourceResolver: org.apache.camel.impl.engine.DefaultResourceResolvers$ClasspathResolver@28ce75ec
2025-02-03T19:48:29.972-06:00 DEBUG 29776 --- [transformer] [main] o.a.c.s.builder.xml.XMLConverterHelper   : Created TransformerFactory: com.sun.org.apache.xalan.internal.xsltc.trax.TransformerFactoryImpl@ff21443
2025-02-03T19:48:29.972-06:00 DEBUG 29776 --- [transformer] [main] o.a.c.s.builder.xml.XMLConverterHelper   : Configuring TransformerFactory to not allow access to external DTD/Stylesheet
2025-02-03T19:48:30.102-06:00 DEBUG 29776 --- [transformer] [main] o.a.c.impl.engine.AbstractCamelContext   : Resolving language: simple
2025-02-03T19:48:30.102-06:00 DEBUG 29776 --- [transformer] [main] org.apache.camel.reifier.LogReifier      : LogName is not configured, using route id as logName: route1
2025-02-03T19:48:30.103-06:00 DEBUG 29776 --- [transformer] [main] o.apache.camel.support.DefaultComponent  : Creating endpoint uri=[activemq://queue:outputQueue], path=[queue:outputQueue]
2025-02-03T19:48:30.103-06:00 DEBUG 29776 --- [transformer] [main] o.a.c.impl.engine.AbstractCamelContext   : activemq://queue:outputQueue converted to endpoint: activemq://queue:outputQueue by component: org.apache.camel.component.activemq.ActiveMQComponent@77c692b4
2025-02-03T19:48:30.112-06:00 DEBUG 29776 --- [transformer] [main] o.a.c.i.e.InternalRouteStartupManager    : Initializing route id: route1
2025-02-03T19:48:30.122-06:00 DEBUG 29776 --- [transformer] [main] o.a.camel.component.jms.JmsEndpoint      : Using destinationName: inputQueue on listenerContainer: org.apache.camel.component.jms.DefaultJmsMessageListenerContainer@1f60824e
2025-02-03T19:48:30.124-06:00 DEBUG 29776 --- [transformer] [main] o.a.c.i.e.BaseExecutorServiceManager     : Created new CachedThreadPool for source: Consumer[activemq://queue:inputQueue?disableReplyTo=true] with name: JmsConsumer[inputQueue]. -> java.util.concurrent.ThreadPoolExecutor@26c59348[Running, pool size = 0, active threads = 0, queued tasks = 0, completed tasks = 0]
2025-02-03T19:48:30.128-06:00 DEBUG 29776 --- [transformer] [main] o.a.c.impl.engine.AbstractCamelContext   : Apache Camel 4.8.0 (camel-1) initialized in 391ms
2025-02-03T19:48:30.128-06:00  INFO 29776 --- [transformer] [main] o.a.c.impl.engine.AbstractCamelContext   : Apache Camel 4.8.0 (camel-1) is starting
2025-02-03T19:48:30.129-06:00 DEBUG 29776 --- [transformer] [main] o.a.c.impl.engine.AbstractCamelContext   : Using ClassResolver=org.apache.camel.impl.engine.DefaultClassResolver@445058e8, PackageScanClassResolver=org.apache.camel.spring.boot.FatJarPackageScanClassResolver@5d5574c7, ApplicationContextClassLoader=jdk.internal.loader.ClassLoaders$AppClassLoader@22d8cfe0, RouteController=org.apache.camel.impl.engine.DefaultRouteController@5a7a6d34
2025-02-03T19:48:30.129-06:00 DEBUG 29776 --- [transformer] [main] o.a.c.impl.engine.AbstractCamelContext   : StreamCaching is disabled on CamelContext: camel-1
2025-02-03T19:48:30.136-06:00 DEBUG 29776 --- [transformer] [main] o.a.c.impl.engine.AbstractCamelContext   : Using HeadersMapFactory: org.apache.camel.impl.engine.DefaultHeadersMapFactory@3a72e2e8
2025-02-03T19:48:30.136-06:00 DEBUG 29776 --- [transformer] [main] o.a.c.impl.engine.AbstractCamelContext   : Using ReactiveExecutor: org.apache.camel.impl.engine.DefaultReactiveExecutor@42401b81
2025-02-03T19:48:30.136-06:00 DEBUG 29776 --- [transformer] [main] o.a.c.impl.engine.AbstractCamelContext   : Using ThreadPoolFactory: org.apache.camel.support.DefaultThreadPoolFactory@f1d1463
2025-02-03T19:48:30.136-06:00 DEBUG 29776 --- [transformer] [main] o.a.c.impl.engine.AbstractCamelContext   : Using HealthCheck: camel-health
2025-02-03T19:48:30.137-06:00 DEBUG 29776 --- [transformer] [main] o.a.c.i.e.InternalRouteStartupManager    : Warming up route id: route1 having autoStartup=true
2025-02-03T19:48:30.140-06:00 DEBUG 29776 --- [transformer] [main] o.apache.camel.support.DefaultProducer   : Starting producer: Producer[xslt://transform.xsl]
2025-02-03T19:48:30.143-06:00 DEBUG 29776 --- [transformer] [main] o.apache.camel.support.DefaultProducer   : Starting producer: Producer[activemq://queue:outputQueue]
2025-02-03T19:48:30.143-06:00 DEBUG 29776 --- [transformer] [main] o.a.c.i.e.DefaultStreamCachingStrategy   : StreamCaching configuration DefaultStreamCachingStrategy[spoolDirectoryEnabled=false, spoolDirectory=null, spoolCipher=null, spoolThreshold=131072, spoolUsedHeapMemoryThreshold=0, bufferSize=0, anySpoolRules=false]
2025-02-03T19:48:30.149-06:00 DEBUG 29776 --- [transformer] [main] o.a.c.i.e.DefaultStreamCachingStrategy   : StreamCaching in use
2025-02-03T19:48:30.149-06:00 DEBUG 29776 --- [transformer] [main] o.a.c.i.e.InternalRouteStartupManager    : Route: route1 >>> Route[activemq://queue:inputQueue?disableReplyTo=true -> null]
2025-02-03T19:48:30.149-06:00 DEBUG 29776 --- [transformer] [main] o.a.c.i.e.InternalRouteStartupManager    : Starting consumer (order: 1000) on route: route1
2025-02-03T19:48:30.149-06:00 DEBUG 29776 --- [transformer] [main] o.apache.camel.support.DefaultConsumer   : Build consumer: Consumer[activemq://queue:inputQueue?disableReplyTo=true]
2025-02-03T19:48:30.150-06:00 DEBUG 29776 --- [transformer] [main] o.apache.camel.support.DefaultConsumer   : Init consumer: Consumer[activemq://queue:inputQueue?disableReplyTo=true]
2025-02-03T19:48:30.151-06:00 DEBUG 29776 --- [transformer] [main] o.apache.camel.support.DefaultConsumer   : Starting consumer: Consumer[activemq://queue:inputQueue?disableReplyTo=true]
2025-02-03T19:48:30.327-06:00 DEBUG 29776 --- [transformer] [main] c.c.j.DefaultJmsMessageListenerContainer : Established shared JMS Connection
2025-02-03T19:48:30.329-06:00 DEBUG 29776 --- [transformer] [main] c.c.j.DefaultJmsMessageListenerContainer : Resumed paused task: org.springframework.jms.listener.DefaultMessageListenerContainer$AsyncMessageListenerInvoker@2ee456c7
2025-02-03T19:48:30.351-06:00 DEBUG 29776 --- [transformer] [main] o.a.camel.component.jms.JmsConsumer      : Started listener container org.apache.camel.component.jms.DefaultJmsMessageListenerContainer@1f60824e on destination inputQueue
2025-02-03T19:48:30.351-06:00 DEBUG 29776 --- [transformer] [main] o.a.c.i.e.InternalRouteStartupManager    : Route: route1 started and consuming from: activemq://queue:inputQueue
2025-02-03T19:48:30.353-06:00 DEBUG 29776 --- [transformer] [main] o.a.c.impl.engine.AbstractCamelContext   : Clearing BeanIntrospection cache with 4 objects using during starting Camel
2025-02-03T19:48:30.353-06:00 DEBUG 29776 --- [transformer] [main] o.a.c.impl.engine.AbstractCamelContext   : BeanIntrospection invoked 11 times during starting Camel
2025-02-03T19:48:30.354-06:00  INFO 29776 --- [transformer] [main] o.a.c.impl.engine.AbstractCamelContext   : Routes startup (total:1)
2025-02-03T19:48:30.355-06:00  INFO 29776 --- [transformer] [main] o.a.c.impl.engine.AbstractCamelContext   :     Started route1 (activemq://queue:inputQueue)
2025-02-03T19:48:30.355-06:00  INFO 29776 --- [transformer] [main] o.a.c.impl.engine.AbstractCamelContext   : Apache Camel 4.8.0 (camel-1) started in 674ms (build:58ms init:391ms start:225ms)
2025-02-03T19:48:30.357-06:00 DEBUG 29776 --- [transformer] [main] o.apache.camel.impl.DefaultCamelContext  : start() took 620 millis
2025-02-03T19:48:30.360-06:00  INFO 29776 --- [transformer] [main] c.m.transformer.TransformerApplication   : Started TransformerApplication in 3.542 seconds (process running for 3.934)
2025-02-03T19:48:30.360-06:00 DEBUG 29776 --- [transformer] [main] o.a.camel.spring.SpringCamelContext      : onApplicationEvent: org.springframework.boot.context.event.ApplicationStartedEvent[source=org.springframework.boot.SpringApplication@22361e23]
2025-02-03T19:48:30.361-06:00 DEBUG 29776 --- [transformer] [main] o.a.camel.spring.SpringCamelContext      : onApplicationEvent: org.springframework.boot.availability.AvailabilityChangeEvent[source=org.springframework.boot.web.servlet.context.AnnotationConfigServletWebServerApplicationContext@3401a114, started on Mon Feb 03 19:48:27 CST 2025]
2025-02-03T19:48:30.364-06:00 DEBUG 29776 --- [transformer] [main] o.a.camel.spring.SpringCamelContext      : onApplicationEvent: org.springframework.boot.context.event.ApplicationReadyEvent[source=org.springframework.boot.SpringApplication@22361e23]
2025-02-03T19:48:30.364-06:00 DEBUG 29776 --- [transformer] [main] o.a.camel.spring.SpringCamelContext      : onApplicationEvent: org.springframework.boot.availability.AvailabilityChangeEvent[source=org.springframework.boot.web.servlet.context.AnnotationConfigServletWebServerApplicationContext@3401a114, started on Mon Feb 03 19:48:27 CST 2025]
2025-02-03T19:54:03.513-06:00 DEBUG 29776 --- [transformer] [Camel (camel-1) thread #1 - JmsConsumer[inputQueue]] c.c.j.DefaultJmsMessageListenerContainer : Received message of type [class org.apache.activemq.command.ActiveMQTextMessage] from consumer [ActiveMQMessageConsumer { value=ID:Jaya-51195-1738633710202-1:1:1:1, started=true }] of session [Cached JMS Session: ActiveMQSession {id=ID:Jaya-51195-1738633710202-1:1:1,started=true,closed=false} java.lang.Object@2f5b908e]
2025-02-03T19:54:03.513-06:00 DEBUG 29776 --- [transformer] [Camel (camel-1) thread #1 - JmsConsumer[inputQueue]] o.a.c.c.jms.EndpointMessageListener      : activemq://queue:inputQueue?disableReplyTo=true consumer received JMS message: ActiveMQTextMessage {commandId = 5, responseRequired = true, messageId = ID:30afd94128e3-37325-1738633583198-4:3:1:1:1, originalDestination = null, originalTransactionId = null, producerId = ID:30afd94128e3-37325-1738633583198-4:3:1:1, destination = queue://inputQueue, transactionId = null, deliveryTime = 0, expiration = 0, timestamp = 1738634043477, arrival = 0, brokerInTime = 1738634043477, brokerOutTime = 1738634043478, correlationId = null, replyTo = null, persistent = true, type = null, priority = 5, groupID = null, groupSequence = 0, targetConsumerId = null, compressed = false, userID = null, content = org.apache.activemq.util.ByteSequence@51cd459a, marshalledProperties = null, dataStructure = null, redeliveryCounter = 0, size = 0, properties = null, readOnlyProperties = true, readOnlyBody = true, droppable = false, jmsXGroupFirstForConsumer = false, text = <order><id>12345</id><customer>John Doe</cust...nt></order>
}
2025-02-03T19:54:03.545-06:00  INFO 29776 --- [transformer] [Camel (camel-1) thread #1 - JmsConsumer[inputQueue]] route1                                   : ### Received XML Message: <order><id>12345</id><customer>John Doe</customer><amount>250.00</amount></order>

2025-02-03T19:54:03.545-06:00 DEBUG 29776 --- [transformer] [Camel (camel-1) thread #1 - JmsConsumer[inputQueue]] o.apache.camel.processor.SendProcessor   : >>>> xslt://transform.xsl Exchange[]
2025-02-03T19:54:03.608-06:00  INFO 29776 --- [transformer] [Camel (camel-1) thread #1 - JmsConsumer[inputQueue]] route1                                   : ### Transformed JSON: 
        {
            "order": {
                "id": "12345",
                "customer": "John Doe",
                "amount": "250.00"
            }
        }
    
2025-02-03T19:54:03.608-06:00 DEBUG 29776 --- [transformer] [Camel (camel-1) thread #1 - JmsConsumer[inputQueue]] o.apache.camel.processor.SendProcessor   : >>>> activemq://queue:outputQueue Exchange[]
2025-02-03T19:54:03.608-06:00 DEBUG 29776 --- [transformer] [Camel (camel-1) thread #1 - JmsConsumer[inputQueue]] .c.c.j.JmsConfiguration$CamelJmsTemplate : Executing callback on JMS Session: Cached JMS Session: ActiveMQSession {id=ID:Jaya-51195-1738633710202-1:1:1,started=true,closed=false} java.lang.Object@2f5b908e
2025-02-03T19:54:03.627-06:00 DEBUG 29776 --- [transformer] [Camel (camel-1) thread #1 - JmsConsumer[inputQueue]] o.a.c.component.jms.JmsConfiguration     : Sending JMS message to: queue://outputQueue with message: ActiveMQTextMessage {commandId = 0, responseRequired = false, messageId = null, originalDestination = queue://inputQueue, originalTransactionId = null, producerId = null, destination = null, transactionId = null, deliveryTime = 0, expiration = 0, timestamp = 0, arrival = 0, brokerInTime = 0, brokerOutTime = 0, correlationId = null, replyTo = null, persistent = true, type = null, priority = 5, groupID = null, groupSequence = 0, targetConsumerId = null, compressed = false, userID = null, content = null, marshalledProperties = null, dataStructure = null, redeliveryCounter = 0, size = 0, properties = {CamelMessageTimestamp=1738634043477, CamelJmsDeliveryMode=2}, readOnlyProperties = false, readOnlyBody = false, droppable = false, jmsXGroupFirstForConsumer = false, text = 
        {
            "order": {
        ...     }
    }
2025-02-03T19:54:16.795-06:00 DEBUG 29776 --- [transformer] [Camel (camel-1) thread #1 - JmsConsumer[inputQueue]] c.c.j.DefaultJmsMessageListenerContainer : Received message of type [class org.apache.activemq.command.ActiveMQTextMessage] from consumer [ActiveMQMessageConsumer { value=ID:Jaya-51195-1738633710202-1:1:1:1, started=true }] of session [Cached JMS Session: ActiveMQSession {id=ID:Jaya-51195-1738633710202-1:1:1,started=true,closed=false} java.lang.Object@2f5b908e]
2025-02-03T19:54:16.796-06:00 DEBUG 29776 --- [transformer] [Camel (camel-1) thread #1 - JmsConsumer[inputQueue]] o.a.c.c.jms.EndpointMessageListener      : activemq://queue:inputQueue?disableReplyTo=true consumer received JMS message: ActiveMQTextMessage {commandId = 5, responseRequired = true, messageId = ID:30afd94128e3-37325-1738633583198-4:4:1:1:1, originalDestination = null, originalTransactionId = null, producerId = ID:30afd94128e3-37325-1738633583198-4:4:1:1, destination = queue://inputQueue, transactionId = null, deliveryTime = 0, expiration = 0, timestamp = 1738634056776, arrival = 0, brokerInTime = 1738634056776, brokerOutTime = 1738634056778, correlationId = null, replyTo = null, persistent = true, type = null, priority = 5, groupID = null, groupSequence = 0, targetConsumerId = null, compressed = false, userID = null, content = org.apache.activemq.util.ByteSequence@360c8fe4, marshalledProperties = null, dataStructure = null, redeliveryCounter = 0, size = 0, properties = null, readOnlyProperties = true, readOnlyBody = true, droppable = false, jmsXGroupFirstForConsumer = false, text = <order><id>12345</id><customer>John Doe</cust...nt></order>
}
2025-02-03T19:54:16.796-06:00  INFO 29776 --- [transformer] [Camel (camel-1) thread #1 - JmsConsumer[inputQueue]] route1                                   : ### Received XML Message: <order><id>12345</id><customer>John Doe</customer><amount>250.00</amount></order>

2025-02-03T19:54:16.797-06:00 DEBUG 29776 --- [transformer] [Camel (camel-1) thread #1 - JmsConsumer[inputQueue]] o.apache.camel.processor.SendProcessor   : >>>> xslt://transform.xsl Exchange[]
2025-02-03T19:54:16.801-06:00  INFO 29776 --- [transformer] [Camel (camel-1) thread #1 - JmsConsumer[inputQueue]] route1                                   : ### Transformed JSON: 
        {
            "order": {
                "id": "12345",
                "customer": "John Doe",
                "amount": "250.00"
            }
        }
    
2025-02-03T19:54:16.802-06:00 DEBUG 29776 --- [transformer] [Camel (camel-1) thread #1 - JmsConsumer[inputQueue]] o.apache.camel.processor.SendProcessor   : >>>> activemq://queue:outputQueue Exchange[]
2025-02-03T19:54:16.802-06:00 DEBUG 29776 --- [transformer] [Camel (camel-1) thread #1 - JmsConsumer[inputQueue]] .c.c.j.JmsConfiguration$CamelJmsTemplate : Executing callback on JMS Session: Cached JMS Session: ActiveMQSession {id=ID:Jaya-51195-1738633710202-1:1:1,started=true,closed=false} java.lang.Object@2f5b908e
2025-02-03T19:54:16.803-06:00 DEBUG 29776 --- [transformer] [Camel (camel-1) thread #1 - JmsConsumer[inputQueue]] o.a.c.component.jms.JmsConfiguration     : Sending JMS message to: queue://outputQueue with message: ActiveMQTextMessage {commandId = 0, responseRequired = false, messageId = null, originalDestination = queue://inputQueue, originalTransactionId = null, producerId = null, destination = null, transactionId = null, deliveryTime = 0, expiration = 0, timestamp = 0, arrival = 0, brokerInTime = 0, brokerOutTime = 0, correlationId = null, replyTo = null, persistent = true, type = null, priority = 5, groupID = null, groupSequence = 0, targetConsumerId = null, compressed = false, userID = null, content = null, marshalledProperties = null, dataStructure = null, redeliveryCounter = 0, size = 0, properties = {CamelMessageTimestamp=1738634056776, CamelJmsDeliveryMode=2}, readOnlyProperties = false, readOnlyBody = false, droppable = false, jmsXGroupFirstForConsumer = false, text = 
        {
            "order": {
        ...     }
    }
